

Version:	3.50
CmdLine:	C:\Users\chlar\Documents\Repositories\todo_list_java\todo_list_java\config\ToDoit.exe --l4j-debug
JNI:		No
WOW64:		Yes
Working dir:	C:\Users\chlar\Documents\Repositories\todo_list_java\todo_list_java\config\.
Requires JDK:	No
Requires 64-Bit: No
Java min ver:	
Java max ver:	
Substitute:	JAVA_HOME = 
Substitute:	PATH = C:\Program Files\Common Files\Oracle\Java\javapath;C:\Program Files (x86)\Common Files\Oracle\Java\java8path;C:\Program Files (x86)\Common Files\Oracle\Java\javapath;C:\WINDOWS\system32;C:\WINDOWS;C:\WINDOWS\System32\Wbem;C:\WINDOWS\System32\WindowsPowerShell\v1.0\;C:\WINDOWS\System32\OpenSSH\;C:\Program Files\Git\cmd;C:\Users\chlar\AppData\Local\Programs\Microsoft VS Code\bin;C:\Users\chlar\AppData\Local\Microsoft\WindowsApps;C:\Program Files\Java\jdk-23\bin;%USERPROFILE%\AppData\Local\Microsoft\WindowsApps;C:\Users\chlar\AppData\Local\GitHubDesktop\bin;C:\Program Files\Java\jdk-23\bin
JRE paths:	;C:\Program Files\Common Files\Oracle\Java\javapath;C:\Program Files (x86)\Common Files\Oracle\Java\java8path;C:\Program Files (x86)\Common Files\Oracle\Java\javapath;C:\WINDOWS\system32;C:\WINDOWS;C:\WINDOWS\System32\Wbem;C:\WINDOWS\System32\WindowsPowerShell\v1.0\;C:\WINDOWS\System32\OpenSSH\;C:\Program Files\Git\cmd;C:\Users\chlar\AppData\Local\Programs\Microsoft VS Code\bin;C:\Users\chlar\AppData\Local\Microsoft\WindowsApps;C:\Program Files\Java\jdk-23\bin;%USERPROFILE%\AppData\Local\Microsoft\WindowsApps;C:\Users\chlar\AppData\Local\GitHubDesktop\bin;C:\Program Files\Java\jdk-23\bin
Check launcher:	C:\Program Files\Common Files\Oracle\Java\javapath\bin\javaw.exe (not found)
Check launcher:	C:\Program Files (x86)\Common Files\Oracle\Java\java8path\bin\javaw.exe (not found)
Check launcher:	C:\Program Files (x86)\Common Files\Oracle\Java\javapath\bin\javaw.exe (not found)
Check launcher:	C:\WINDOWS\system32\bin\javaw.exe (not found)
Check launcher:	C:\WINDOWS\bin\javaw.exe (not found)
Check launcher:	C:\WINDOWS\System32\Wbem\bin\javaw.exe (not found)
Check launcher:	C:\WINDOWS\System32\WindowsPowerShell\v1.0\bin\javaw.exe (not found)
Check launcher:	C:\WINDOWS\System32\OpenSSH\bin\javaw.exe (not found)
Check launcher:	C:\Program Files\Git\cmd\bin\javaw.exe (not found)
Check launcher:	C:\Users\chlar\AppData\Local\Programs\Microsoft VS Code\bin\javaw.exe (not found)
Check launcher:	C:\Users\chlar\AppData\Local\Microsoft\WindowsApps\bin\javaw.exe (not found)
Check launcher:	C:\Program Files\Java\jdk-23\bin\javaw.exe (OK)
Version string: 1.023.000_001 / 64-Bit (OK)
Launcher:	C:\Program Files\Java\jdk-23\bin\javaw.exe
Launcher args:	-jar "C:\Users\chlar\Documents\Repositories\todo_list_java\todo_list_java\config\ToDoit.exe"
Args length:	92/32768 chars
Exit code:	0
